<?xml version="1.0" encoding="UTF-8"?>
<!-- Generated by org.testng.reporters.JUnitReportReporter -->
<testsuite skipped="0" hostname="DESKTOP-5ESQ5SM" name="runners.GeneralRunner" tests="2" failures="0" timestamp="10 Sep 2020 19:16:42 GMT" time="26.026" errors="0">
  <testcase name="runScenario" time="11.006" classname="runners.GeneralRunner"/>
  <testcase name="runScenario" time="15.020" classname="runners.GeneralRunner"/>
</testsuite> <!-- runners.GeneralRunner -->
